<?xml version="1.0" encoding="UTF-8"?>
<testsuite name="hwg.bachelor.checkoutservice.CheckoutServiceApplicationTests" tests="1" skipped="0" failures="0" errors="0" timestamp="2024-12-11T21:45:11" hostname="DESKTOP-QKA68NB" time="0.559">
  <properties/>
  <testcase name="contextLoads()" classname="hwg.bachelor.checkoutservice.CheckoutServiceApplicationTests" time="0.559"/>
  <system-out><![CDATA[22:45:08.125 [Test worker] INFO org.springframework.test.context.support.AnnotationConfigContextLoaderUtils -- Could not detect default configuration classes for test class [hwg.bachelor.checkoutservice.CheckoutServiceApplicationTests]: CheckoutServiceApplicationTests does not declare any static, non-private, non-final, nested classes annotated with @Configuration.
22:45:08.275 [Test worker] INFO org.springframework.boot.test.context.SpringBootTestContextBootstrapper -- Found @SpringBootConfiguration hwg.bachelor.checkoutservice.CheckoutServiceApplication for test class hwg.bachelor.checkoutservice.CheckoutServiceApplicationTests

  .   ____          _            __ _ _
 /\\ / ___'_ __ _ _(_)_ __  __ _ \ \ \ \
( ( )\___ | '_ | '_| | '_ \/ _` | \ \ \ \
 \\/  ___)| |_)| | | | | || (_| |  ) ) ) )
  '  |____| .__|_| |_|_| |_\__, | / / / /
 =========|_|==============|___/=/_/_/_/

 :: Spring Boot ::                (v3.4.0)

2024-12-11T22:45:08.672+01:00  INFO 19064 --- [checkout-service] [    Test worker] h.b.c.CheckoutServiceApplicationTests    : Starting CheckoutServiceApplicationTests using Java 17.0.12 with PID 19064 (started by Ali in D:\Bachelor\Projekt\FastBus-Microservice\checkout-service)
2024-12-11T22:45:08.673+01:00  INFO 19064 --- [checkout-service] [    Test worker] h.b.c.CheckoutServiceApplicationTests    : No active profile set, falling back to 1 default profile: "default"
2024-12-11T22:45:09.359+01:00  INFO 19064 --- [checkout-service] [    Test worker] .s.d.r.c.RepositoryConfigurationDelegate : Bootstrapping Spring Data JPA repositories in DEFAULT mode.
2024-12-11T22:45:09.382+01:00  INFO 19064 --- [checkout-service] [    Test worker] .s.d.r.c.RepositoryConfigurationDelegate : Finished Spring Data repository scanning in 13 ms. Found 0 JPA repository interfaces.
2024-12-11T22:45:09.781+01:00  INFO 19064 --- [checkout-service] [    Test worker] o.hibernate.jpa.internal.util.LogHelper  : HHH000204: Processing PersistenceUnitInfo [name: default]
2024-12-11T22:45:09.837+01:00  INFO 19064 --- [checkout-service] [    Test worker] org.hibernate.Version                    : HHH000412: Hibernate ORM core version 6.6.2.Final
2024-12-11T22:45:09.879+01:00  INFO 19064 --- [checkout-service] [    Test worker] o.h.c.internal.RegionFactoryInitiator    : HHH000026: Second-level cache disabled
2024-12-11T22:45:10.166+01:00  INFO 19064 --- [checkout-service] [    Test worker] o.s.o.j.p.SpringPersistenceUnitInfo      : No LoadTimeWeaver setup: ignoring JPA class transformer
2024-12-11T22:45:10.195+01:00  INFO 19064 --- [checkout-service] [    Test worker] com.zaxxer.hikari.HikariDataSource       : HikariPool-1 - Starting...
2024-12-11T22:45:10.420+01:00  INFO 19064 --- [checkout-service] [    Test worker] com.zaxxer.hikari.pool.HikariPool        : HikariPool-1 - Added connection org.postgresql.jdbc.PgConnection@39dda56f
2024-12-11T22:45:10.421+01:00  INFO 19064 --- [checkout-service] [    Test worker] com.zaxxer.hikari.HikariDataSource       : HikariPool-1 - Start completed.
2024-12-11T22:45:10.480+01:00  WARN 19064 --- [checkout-service] [    Test worker] org.hibernate.orm.deprecation            : HHH90000025: PostgreSQLDialect does not need to be specified explicitly using 'hibernate.dialect' (remove the property setting and it will be selected by default)
2024-12-11T22:45:10.501+01:00  INFO 19064 --- [checkout-service] [    Test worker] org.hibernate.orm.connections.pooling    : HHH10001005: Database info:
	Database JDBC URL [Connecting through datasource 'HikariDataSource (HikariPool-1)']
	Database driver: undefined/unknown
	Database version: 16.2
	Autocommit mode: undefined/unknown
	Isolation level: undefined/unknown
	Minimum pool size: undefined/unknown
	Maximum pool size: undefined/unknown
2024-12-11T22:45:10.816+01:00  INFO 19064 --- [checkout-service] [    Test worker] o.h.e.t.j.p.i.JtaPlatformInitiator       : HHH000489: No JTA platform available (set 'hibernate.transaction.jta.platform' to enable JTA platform integration)
2024-12-11T22:45:10.821+01:00  INFO 19064 --- [checkout-service] [    Test worker] j.LocalContainerEntityManagerFactoryBean : Initialized JPA EntityManagerFactory for persistence unit 'default'
2024-12-11T22:45:11.271+01:00  WARN 19064 --- [checkout-service] [    Test worker] JpaBaseConfiguration$JpaWebConfiguration : spring.jpa.open-in-view is enabled by default. Therefore, database queries may be performed during view rendering. Explicitly configure spring.jpa.open-in-view to disable this warning
2024-12-11T22:45:11.745+01:00  INFO 19064 --- [checkout-service] [    Test worker] h.b.c.CheckoutServiceApplicationTests    : Started CheckoutServiceApplicationTests in 3.323 seconds (process running for 4.512)
]]></system-out>
  <system-err><![CDATA[]]></system-err>
</testsuite>
